<?xml version="1.0" encoding="UTF-8"?>
<!-- Generated by org.testng.reporters.JUnitXMLReporter -->
<testsuite ignored="0" hostname="WLG162TX" failures="0" tests="4" name="Google search Test" time="17.476" errors="0" timestamp="30 Jan 2019 10:21:57 GMT">
  <testcase classname="tests.test_search_selenium" name="firstPage" time="2.29"/>
  <testcase classname="tests.test_search_java" name="firstPageJava" time="1.77"/>
  <testcase classname="tests.test_search_java" name="validatePageJava" time="1.978"/>
  <testcase classname="tests.test_search_selenium" name="validatePageSelenium" time="3.868"/>
</testsuite> <!-- Google search Test -->
