<?xml version="1.0" encoding="UTF-8"?>
<testng-results ignored="0" total="4" passed="4" failed="0" skipped="0">
  <reporter-output>
  </reporter-output>
  <suite started-at="2019-02-01T06:28:31Z" name="Google Search Suite" finished-at="2019-02-01T06:28:46Z" duration-ms="15760">
    <groups>
    </groups>
    <test started-at="2019-02-01T06:28:31Z" name="Google search chrome" finished-at="2019-02-01T06:28:42Z" duration-ms="11806">
      <class name="tests.Test_search_java">
        <test-method is-config="true" signature="initializeTestBaseSetup(java.lang.String, java.lang.String)[pri:0, instance:tests.Test_search_java@3cc1435c]" started-at="2019-02-01T06:28:31Z" name="initializeTestBaseSetup" finished-at="2019-02-01T06:28:37Z" duration-ms="6774" status="PASS">
          <params>
            <param index="0">
              <value>
                <![CDATA[chrome]]>
              </value>
            </param>
            <param index="1">
              <value>
                <![CDATA[http://www.google.com]]>
              </value>
            </param>
          </params>
          <reporter-output>
          </reporter-output>
        </test-method> <!-- initializeTestBaseSetup -->
        <test-method is-config="true" signature="setup()[pri:0, instance:tests.Test_search_java@3cc1435c]" started-at="2019-02-01T06:28:37Z" name="setup" finished-at="2019-02-01T06:28:37Z" duration-ms="0" status="PASS">
          <reporter-output>
          </reporter-output>
        </test-method> <!-- setup -->
        <test-method signature="firstPageJava()[pri:0, instance:tests.Test_search_java@3cc1435c]" started-at="2019-02-01T06:28:37Z" name="firstPageJava" finished-at="2019-02-01T06:28:40Z" duration-ms="2149" status="PASS">
          <reporter-output>
          </reporter-output>
        </test-method> <!-- firstPageJava -->
        <test-method signature="validatePageJava()[pri:0, instance:tests.Test_search_java@3cc1435c]" started-at="2019-02-01T06:28:40Z" name="validatePageJava" finished-at="2019-02-01T06:28:42Z" duration-ms="2229" status="PASS">
          <reporter-output>
          </reporter-output>
        </test-method> <!-- validatePageJava -->
        <test-method is-config="true" signature="tearDown()[pri:0, instance:tests.Test_search_java@3cc1435c]" started-at="2019-02-01T06:28:42Z" name="tearDown" finished-at="2019-02-01T06:28:42Z" duration-ms="633" status="PASS">
          <reporter-output>
          </reporter-output>
        </test-method> <!-- tearDown -->
      </class> <!-- tests.Test_search_java -->
    </test> <!-- Google search chrome -->
    <test started-at="2019-02-01T06:28:31Z" name="Google search firefox" finished-at="2019-02-01T06:28:46Z" duration-ms="15760">
      <class name="tests.Test_search_selenium">
        <test-method is-config="true" signature="initializeTestBaseSetup(java.lang.String, java.lang.String)[pri:0, instance:tests.Test_search_selenium@2892dae4]" started-at="2019-02-01T06:28:31Z" name="initializeTestBaseSetup" finished-at="2019-02-01T06:28:40Z" duration-ms="9594" status="PASS">
          <params>
            <param index="0">
              <value>
                <![CDATA[firefox]]>
              </value>
            </param>
            <param index="1">
              <value>
                <![CDATA[http://www.google.com]]>
              </value>
            </param>
          </params>
          <reporter-output>
          </reporter-output>
        </test-method> <!-- initializeTestBaseSetup -->
        <test-method signature="firstPageSelenium()[pri:0, instance:tests.Test_search_selenium@2892dae4]" started-at="2019-02-01T06:28:40Z" name="firstPageSelenium" finished-at="2019-02-01T06:28:40Z" duration-ms="138" status="PASS">
          <reporter-output>
          </reporter-output>
        </test-method> <!-- firstPageSelenium -->
        <test-method is-config="true" signature="setup()[pri:0, instance:tests.Test_search_selenium@2892dae4]" started-at="2019-02-01T06:28:40Z" name="setup" finished-at="2019-02-01T06:28:40Z" duration-ms="0" status="PASS">
          <reporter-output>
          </reporter-output>
        </test-method> <!-- setup -->
        <test-method signature="validatePageSelenium()[pri:0, instance:tests.Test_search_selenium@2892dae4]" started-at="2019-02-01T06:28:40Z" name="validatePageSelenium" finished-at="2019-02-01T06:28:45Z" duration-ms="4282" status="PASS">
          <reporter-output>
          </reporter-output>
        </test-method> <!-- validatePageSelenium -->
        <test-method is-config="true" signature="tearDown()[pri:0, instance:tests.Test_search_selenium@2892dae4]" started-at="2019-02-01T06:28:45Z" name="tearDown" finished-at="2019-02-01T06:28:46Z" duration-ms="1731" status="PASS">
          <reporter-output>
          </reporter-output>
        </test-method> <!-- tearDown -->
      </class> <!-- tests.Test_search_selenium -->
    </test> <!-- Google search firefox -->
  </suite> <!-- Google Search Suite -->
</testng-results>
